#
# There is insufficient memory for the Java Runtime Environment to continue.
# Native memory allocation (malloc) failed to allocate 1092176 bytes for Chunk::new
# Possible reasons:
#   The system is out of physical RAM or swap space
#   The process is running with CompressedOops enabled, and the Java Heap may be blocking the growth of the native heap
# Possible solutions:
#   Reduce memory load on the system
#   Increase physical memory or swap space
#   Check if swap backing store is full
#   Decrease Java heap size (-Xmx/-Xms)
#   Decrease number of Java threads
#   Decrease Java thread stack sizes (-Xss)
#   Set larger code cache with -XX:ReservedCodeCacheSize=
#   JVM is running with Unscaled Compressed Oops mode in which the Java heap is
#     placed in the first 4GB address space. The Java Heap base address is the
#     maximum limit for the native heap growth. Please use -XX:HeapBaseMinAddress
#     to set the Java Heap base and to place the Java Heap above 4GB virtual address.
# This output file may be truncated or incomplete.
#
#  Out of Memory Error (./open/src/hotspot/share/memory/arena.cpp:197), pid=5216, tid=8004
#
# JRE version: Java(TM) SE Runtime Environment 18.9 (11.0.21+9) (build 11.0.21+9-LTS-193)
# Java VM: Java HotSpot(TM) 64-Bit Server VM 18.9 (11.0.21+9-LTS-193, mixed mode, tiered, compressed oops, g1 gc, windows-amd64)
# No core dump will be written. Minidumps are not enabled by default on client versions of Windows
#

---------------  S U M M A R Y ------------

Command Line: -javaagent:D:\intelliJ\IntelliJ IDEA Community Edition 2023.3.3\lib\idea_rt.jar=50460:D:\intelliJ\IntelliJ IDEA Community Edition 2023.3.3\bin -Dfile.encoding=UTF-8 org.example.Main

Host: Intel(R) Core(TM) i5-7200U CPU @ 2.50GHz, 4 cores, 7G,  Windows 10 , 64 bit Build 19041 (10.0.19041.3636)
Time: Sun Feb 11 10:35:25 2024  Windows 10 , 64 bit Build 19041 (10.0.19041.3636) elapsed time: 8.501652 seconds (0d 0h 0m 8s)

---------------  T H R E A D  ---------------

Current thread (0x0000021f38fee800):  JavaThread "C2 CompilerThread0" daemon [_thread_in_native, id=8004, stack(0x00000063ec700000,0x00000063ec800000)]


Current CompileTask:
C2:   8501 2187       4       jdk.internal.org.objectweb.asm.Frame::execute (2264 bytes)

Stack: [0x00000063ec700000,0x00000063ec800000]
Native frames: (J=compiled Java code, j=interpreted, Vv=VM code, C=native code)
V  [jvm.dll+0x66058a]
V  [jvm.dll+0x7a362f]
V  [jvm.dll+0x7a4cf9]
V  [jvm.dll+0x7a5393]
V  [jvm.dll+0x258f55]
V  [jvm.dll+0xb2a0c]
V  [jvm.dll+0xb2fcc]
V  [jvm.dll+0x36772f]
V  [jvm.dll+0x330445]
V  [jvm.dll+0x32f82a]
V  [jvm.dll+0x211c3d]
V  [jvm.dll+0x210c08]
V  [jvm.dll+0x18cdb1]
V  [jvm.dll+0x220e99]
V  [jvm.dll+0x21f1bc]
V  [jvm.dll+0x7673c1]
V  [jvm.dll+0x75fc44]
V  [jvm.dll+0x65f435]
C  [ucrtbase.dll+0x21bb2]
C  [KERNEL32.DLL+0x17344]
C  [ntdll.dll+0x526b1]


---------------  P R O C E S S  ---------------

Threads class SMR info:
_java_thread_list=0x0000021f3a44d300, length=13, elements={
0x0000021f1b056800, 0x0000021f38766800, 0x0000021f38768000, 0x0000021f38fe8000,
0x0000021f38fea000, 0x0000021f38feb000, 0x0000021f38fee800, 0x0000021f38ff3800,
0x0000021f39060000, 0x0000021f3918a000, 0x0000021f3924a000, 0x0000021f3a23c800,
0x0000021f3a2bb800
}

Java Threads: ( => current thread )
  0x0000021f1b056800 JavaThread "main" [_thread_in_native, id=2716, stack(0x00000063ebb00000,0x00000063ebc00000)]
  0x0000021f38766800 JavaThread "Reference Handler" daemon [_thread_blocked, id=6128, stack(0x00000063ec200000,0x00000063ec300000)]
  0x0000021f38768000 JavaThread "Finalizer" daemon [_thread_blocked, id=6216, stack(0x00000063ec300000,0x00000063ec400000)]
  0x0000021f38fe8000 JavaThread "Signal Dispatcher" daemon [_thread_blocked, id=2712, stack(0x00000063ec400000,0x00000063ec500000)]
  0x0000021f38fea000 JavaThread "Attach Listener" daemon [_thread_blocked, id=8968, stack(0x00000063ec500000,0x00000063ec600000)]
  0x0000021f38feb000 JavaThread "Service Thread" daemon [_thread_blocked, id=4644, stack(0x00000063ec600000,0x00000063ec700000)]
=>0x0000021f38fee800 JavaThread "C2 CompilerThread0" daemon [_thread_in_native, id=8004, stack(0x00000063ec700000,0x00000063ec800000)]
  0x0000021f38ff3800 JavaThread "C1 CompilerThread0" daemon [_thread_blocked, id=15212, stack(0x00000063ec800000,0x00000063ec900000)]
  0x0000021f39060000 JavaThread "Sweeper thread" daemon [_thread_blocked, id=11688, stack(0x00000063ec900000,0x00000063eca00000)]
  0x0000021f3918a000 JavaThread "Common-Cleaner" daemon [_thread_blocked, id=11908, stack(0x00000063eca00000,0x00000063ecb00000)]
  0x0000021f3924a000 JavaThread "Monitor Ctrl-Break" daemon [_thread_in_native, id=4664, stack(0x00000063ecb00000,0x00000063ecc00000)]
  0x0000021f3a23c800 JavaThread "PostgreSQL-JDBC-Cleaner" daemon [_thread_blocked, id=12936, stack(0x00000063ed000000,0x00000063ed100000)]
  0x0000021f3a2bb800 JavaThread "Hibernate Connection Pool Validation Thread" daemon [_thread_blocked, id=10736, stack(0x00000063ed100000,0x00000063ed200000)]

Other Threads:
  0x0000021f38761800 VMThread "VM Thread" [stack: 0x00000063ec100000,0x00000063ec200000] [id=9276]
  0x0000021f394bb800 WatcherThread [stack: 0x00000063ecc00000,0x00000063ecd00000] [id=9248]
  0x0000021f1b06d000 GCTaskThread "GC Thread#0" [stack: 0x00000063ebc00000,0x00000063ebd00000] [id=5152]
  0x0000021f39a9e000 GCTaskThread "GC Thread#1" [stack: 0x00000063ecd00000,0x00000063ece00000] [id=14072]
  0x0000021f39ba1000 GCTaskThread "GC Thread#2" [stack: 0x00000063ece00000,0x00000063ecf00000] [id=10516]
  0x0000021f1b09f000 ConcurrentGCThread "G1 Main Marker" [stack: 0x00000063ebd00000,0x00000063ebe00000] [id=13520]
  0x0000021f1b0a1800 ConcurrentGCThread "G1 Conc#0" [stack: 0x00000063ebe00000,0x00000063ebf00000] [id=7796]
  0x0000021f385ce800 ConcurrentGCThread "G1 Refine#0" [stack: 0x00000063ebf00000,0x00000063ec000000] [id=5344]
  0x0000021f385cf800 ConcurrentGCThread "G1 Young RemSet Sampling" [stack: 0x00000063ec000000,0x00000063ec100000] [id=12744]

Threads with active compile tasks:
C2 CompilerThread0     8567 2187       4       jdk.internal.org.objectweb.asm.Frame::execute (2264 bytes)

VM state:not at safepoint (normal execution)

VM Mutex/Monitor currently owned by a thread: None

Heap address: 0x0000000081e00000, size: 2018 MB, Compressed Oops mode: 32-bit
Narrow klass base: 0x0000000000000000, Narrow klass shift: 3
Compressed class space size: 1073741824 Address: 0x0000000100000000

Heap:
 garbage-first heap   total 131072K, used 16261K [0x0000000081e00000, 0x0000000100000000)
  region size 1024K, 12 young (12288K), 4 survivors (4096K)
 Metaspace       used 37416K, capacity 37987K, committed 38144K, reserved 1083392K
  class space    used 4648K, capacity 4854K, committed 4864K, reserved 1048576K
Heap Regions: E=young(eden), S=young(survivor), O=old, HS=humongous(starts), HC=humongous(continues), CS=collection set, F=free, A=archive, TAMS=top-at-mark-start (previous, next)
|   0|0x0000000081e00000, 0x0000000081f00000, 0x0000000081f00000|100%|HS|  |TAMS 0x0000000081f00000, 0x0000000081e00000| Complete 
|   1|0x0000000081f00000, 0x0000000082000000, 0x0000000082000000|100%| O|  |TAMS 0x0000000082000000, 0x0000000081f00000| Untracked 
|   2|0x0000000082000000, 0x0000000082100000, 0x0000000082100000|100%| O|  |TAMS 0x0000000082100000, 0x0000000082000000| Untracked 
|   3|0x0000000082100000, 0x0000000082200000, 0x0000000082200000|100%| O|  |TAMS 0x0000000082200000, 0x0000000082100000| Untracked 
|   4|0x0000000082200000, 0x0000000082300000, 0x0000000082300000|100%| O|  |TAMS 0x0000000082300000, 0x0000000082200000| Untracked 
|   5|0x0000000082300000, 0x0000000082304c00, 0x0000000082400000|  1%| O|  |TAMS 0x0000000082304c00, 0x0000000082300000| Untracked 
|   6|0x0000000082400000, 0x0000000082400000, 0x0000000082500000|  0%| F|  |TAMS 0x0000000082400000, 0x0000000082400000| Untracked 
|   7|0x0000000082500000, 0x0000000082500000, 0x0000000082600000|  0%| F|  |TAMS 0x0000000082500000, 0x0000000082500000| Untracked 
|   8|0x0000000082600000, 0x0000000082600000, 0x0000000082700000|  0%| F|  |TAMS 0x0000000082600000, 0x0000000082600000| Untracked 
|   9|0x0000000082700000, 0x0000000082700000, 0x0000000082800000|  0%| F|  |TAMS 0x0000000082700000, 0x0000000082700000| Untracked 
|  10|0x0000000082800000, 0x0000000082800000, 0x0000000082900000|  0%| F|  |TAMS 0x0000000082800000, 0x0000000082800000| Untracked 
|  11|0x0000000082900000, 0x0000000082900000, 0x0000000082a00000|  0%| F|  |TAMS 0x0000000082900000, 0x0000000082900000| Untracked 
|  12|0x0000000082a00000, 0x0000000082a00000, 0x0000000082b00000|  0%| F|  |TAMS 0x0000000082a00000, 0x0000000082a00000| Untracked 
|  13|0x0000000082b00000, 0x0000000082b00000, 0x0000000082c00000|  0%| F|  |TAMS 0x0000000082b00000, 0x0000000082b00000| Untracked 
|  14|0x0000000082c00000, 0x0000000082c00000, 0x0000000082d00000|  0%| F|  |TAMS 0x0000000082c00000, 0x0000000082c00000| Untracked 
|  15|0x0000000082d00000, 0x0000000082d00000, 0x0000000082e00000|  0%| F|  |TAMS 0x0000000082d00000, 0x0000000082d00000| Untracked 
|  16|0x0000000082e00000, 0x0000000082e00000, 0x0000000082f00000|  0%| F|  |TAMS 0x0000000082e00000, 0x0000000082e00000| Untracked 
|  17|0x0000000082f00000, 0x0000000082f00000, 0x0000000083000000|  0%| F|  |TAMS 0x0000000082f00000, 0x0000000082f00000| Untracked 
|  18|0x0000000083000000, 0x0000000083000000, 0x0000000083100000|  0%| F|  |TAMS 0x0000000083000000, 0x0000000083000000| Untracked 
|  19|0x0000000083100000, 0x0000000083100000, 0x0000000083200000|  0%| F|  |TAMS 0x0000000083100000, 0x0000000083100000| Untracked 
|  20|0x0000000083200000, 0x0000000083200000, 0x0000000083300000|  0%| F|  |TAMS 0x0000000083200000, 0x0000000083200000| Untracked 
|  21|0x0000000083300000, 0x0000000083300000, 0x0000000083400000|  0%| F|  |TAMS 0x0000000083300000, 0x0000000083300000| Untracked 
|  22|0x0000000083400000, 0x0000000083400000, 0x0000000083500000|  0%| F|  |TAMS 0x0000000083400000, 0x0000000083400000| Untracked 
|  23|0x0000000083500000, 0x0000000083500000, 0x0000000083600000|  0%| F|  |TAMS 0x0000000083500000, 0x0000000083500000| Untracked 
|  24|0x0000000083600000, 0x0000000083600000, 0x0000000083700000|  0%| F|  |TAMS 0x0000000083600000, 0x0000000083600000| Untracked 
|  25|0x0000000083700000, 0x0000000083700000, 0x0000000083800000|  0%| F|  |TAMS 0x0000000083700000, 0x0000000083700000| Untracked 
|  26|0x0000000083800000, 0x0000000083800000, 0x0000000083900000|  0%| F|  |TAMS 0x0000000083800000, 0x0000000083800000| Untracked 
|  27|0x0000000083900000, 0x0000000083900000, 0x0000000083a00000|  0%| F|  |TAMS 0x0000000083900000, 0x0000000083900000| Untracked 
|  28|0x0000000083a00000, 0x0000000083a00000, 0x0000000083b00000|  0%| F|  |TAMS 0x0000000083a00000, 0x0000000083a00000| Untracked 
|  29|0x0000000083b00000, 0x0000000083b00000, 0x0000000083c00000|  0%| F|  |TAMS 0x0000000083b00000, 0x0000000083b00000| Untracked 
|  30|0x0000000083c00000, 0x0000000083c00000, 0x0000000083d00000|  0%| F|  |TAMS 0x0000000083c00000, 0x0000000083c00000| Untracked 
|  31|0x0000000083d00000, 0x0000000083d00000, 0x0000000083e00000|  0%| F|  |TAMS 0x0000000083d00000, 0x0000000083d00000| Untracked 
|  32|0x0000000083e00000, 0x0000000083e00000, 0x0000000083f00000|  0%| F|  |TAMS 0x0000000083e00000, 0x0000000083e00000| Untracked 
|  33|0x0000000083f00000, 0x0000000083f00000, 0x0000000084000000|  0%| F|  |TAMS 0x0000000083f00000, 0x0000000083f00000| Untracked 
|  34|0x0000000084000000, 0x0000000084000000, 0x0000000084100000|  0%| F|  |TAMS 0x0000000084000000, 0x0000000084000000| Untracked 
|  35|0x0000000084100000, 0x0000000084100000, 0x0000000084200000|  0%| F|  |TAMS 0x0000000084100000, 0x0000000084100000| Untracked 
|  36|0x0000000084200000, 0x0000000084200000, 0x0000000084300000|  0%| F|  |TAMS 0x0000000084200000, 0x0000000084200000| Untracked 
|  37|0x0000000084300000, 0x0000000084300000, 0x0000000084400000|  0%| F|  |TAMS 0x0000000084300000, 0x0000000084300000| Untracked 
|  38|0x0000000084400000, 0x0000000084400000, 0x0000000084500000|  0%| F|  |TAMS 0x0000000084400000, 0x0000000084400000| Untracked 
|  39|0x0000000084500000, 0x0000000084500000, 0x0000000084600000|  0%| F|  |TAMS 0x0000000084500000, 0x0000000084500000| Untracked 
|  40|0x0000000084600000, 0x0000000084600000, 0x0000000084700000|  0%| F|  |TAMS 0x0000000084600000, 0x0000000084600000| Untracked 
|  41|0x0000000084700000, 0x0000000084700000, 0x0000000084800000|  0%| F|  |TAMS 0x0000000084700000, 0x0000000084700000| Untracked 
|  42|0x0000000084800000, 0x0000000084800000, 0x0000000084900000|  0%| F|  |TAMS 0x0000000084800000, 0x0000000084800000| Untracked 
|  43|0x0000000084900000, 0x0000000084900000, 0x0000000084a00000|  0%| F|  |TAMS 0x0000000084900000, 0x0000000084900000| Untracked 
|  44|0x0000000084a00000, 0x0000000084a00000, 0x0000000084b00000|  0%| F|  |TAMS 0x0000000084a00000, 0x0000000084a00000| Untracked 
|  45|0x0000000084b00000, 0x0000000084b00000, 0x0000000084c00000|  0%| F|  |TAMS 0x0000000084b00000, 0x0000000084b00000| Untracked 
|  46|0x0000000084c00000, 0x0000000084c00000, 0x0000000084d00000|  0%| F|  |TAMS 0x0000000084c00000, 0x0000000084c00000| Untracked 
|  47|0x0000000084d00000, 0x0000000084d00000, 0x0000000084e00000|  0%| F|  |TAMS 0x0000000084d00000, 0x0000000084d00000| Untracked 
|  48|0x0000000084e00000, 0x0000000084e00000, 0x0000000084f00000|  0%| F|  |TAMS 0x0000000084e00000, 0x0000000084e00000| Untracked 
|  49|0x0000000084f00000, 0x0000000084f00000, 0x0000000085000000|  0%| F|  |TAMS 0x0000000084f00000, 0x0000000084f00000| Untracked 
|  50|0x0000000085000000, 0x0000000085000000, 0x0000000085100000|  0%| F|  |TAMS 0x0000000085000000, 0x0000000085000000| Untracked 
|  51|0x0000000085100000, 0x0000000085100000, 0x0000000085200000|  0%| F|  |TAMS 0x0000000085100000, 0x0000000085100000| Untracked 
|  52|0x0000000085200000, 0x0000000085200000, 0x0000000085300000|  0%| F|  |TAMS 0x0000000085200000, 0x0000000085200000| Untracked 
|  53|0x0000000085300000, 0x0000000085300000, 0x0000000085400000|  0%| F|  |TAMS 0x0000000085300000, 0x0000000085300000| Untracked 
|  54|0x0000000085400000, 0x0000000085400000, 0x0000000085500000|  0%| F|  |TAMS 0x0000000085400000, 0x0000000085400000| Untracked 
|  55|0x0000000085500000, 0x0000000085500000, 0x0000000085600000|  0%| F|  |TAMS 0x0000000085500000, 0x0000000085500000| Untracked 
|  56|0x0000000085600000, 0x0000000085600000, 0x0000000085700000|  0%| F|  |TAMS 0x0000000085600000, 0x0000000085600000| Untracked 
|  57|0x0000000085700000, 0x0000000085700000, 0x0000000085800000|  0%| F|  |TAMS 0x0000000085700000, 0x0000000085700000| Untracked 
|  58|0x0000000085800000, 0x0000000085800000, 0x0000000085900000|  0%| F|  |TAMS 0x0000000085800000, 0x0000000085800000| Untracked 
|  59|0x0000000085900000, 0x0000000085900000, 0x0000000085a00000|  0%| F|  |TAMS 0x0000000085900000, 0x0000000085900000| Untracked 
|  60|0x0000000085a00000, 0x0000000085a00000, 0x0000000085b00000|  0%| F|  |TAMS 0x0000000085a00000, 0x0000000085a00000| Untracked 
|  61|0x0000000085b00000, 0x0000000085b00000, 0x0000000085c00000|  0%| F|  |TAMS 0x0000000085b00000, 0x0000000085b00000| Untracked 
|  62|0x0000000085c00000, 0x0000000085c00000, 0x0000000085d00000|  0%| F|  |TAMS 0x0000000085c00000, 0x0000000085c00000| Untracked 
|  63|0x0000000085d00000, 0x0000000085d00000, 0x0000000085e00000|  0%| F|  |TAMS 0x0000000085d00000, 0x0000000085d00000| Untracked 
|  64|0x0000000085e00000, 0x0000000085e00000, 0x0000000085f00000|  0%| F|  |TAMS 0x0000000085e00000, 0x0000000085e00000| Untracked 
|  65|0x0000000085f00000, 0x0000000085f00000, 0x0000000086000000|  0%| F|  |TAMS 0x0000000085f00000, 0x0000000085f00000| Untracked 
|  66|0x0000000086000000, 0x0000000086000000, 0x0000000086100000|  0%| F|  |TAMS 0x0000000086000000, 0x0000000086000000| Untracked 
|  67|0x0000000086100000, 0x0000000086100000, 0x0000000086200000|  0%| F|  |TAMS 0x0000000086100000, 0x0000000086100000| Untracked 
|  68|0x0000000086200000, 0x0000000086200000, 0x0000000086300000|  0%| F|  |TAMS 0x0000000086200000, 0x0000000086200000| Untracked 
|  69|0x0000000086300000, 0x0000000086300000, 0x0000000086400000|  0%| F|  |TAMS 0x0000000086300000, 0x0000000086300000| Untracked 
|  70|0x0000000086400000, 0x0000000086400000, 0x0000000086500000|  0%| F|  |TAMS 0x0000000086400000, 0x0000000086400000| Untracked 
|  71|0x0000000086500000, 0x0000000086500000, 0x0000000086600000|  0%| F|  |TAMS 0x0000000086500000, 0x0000000086500000| Untracked 
|  72|0x0000000086600000, 0x0000000086600000, 0x0000000086700000|  0%| F|  |TAMS 0x0000000086600000, 0x0000000086600000| Untracked 
|  73|0x0000000086700000, 0x0000000086700000, 0x0000000086800000|  0%| F|  |TAMS 0x0000000086700000, 0x0000000086700000| Untracked 
|  74|0x0000000086800000, 0x0000000086800000, 0x0000000086900000|  0%| F|  |TAMS 0x0000000086800000, 0x0000000086800000| Untracked 
|  75|0x0000000086900000, 0x0000000086900000, 0x0000000086a00000|  0%| F|  |TAMS 0x0000000086900000, 0x0000000086900000| Untracked 
|  76|0x0000000086a00000, 0x0000000086a00000, 0x0000000086b00000|  0%| F|  |TAMS 0x0000000086a00000, 0x0000000086a00000| Untracked 
|  77|0x0000000086b00000, 0x0000000086b00000, 0x0000000086c00000|  0%| F|  |TAMS 0x0000000086b00000, 0x0000000086b00000| Untracked 
|  78|0x0000000086c00000, 0x0000000086c00000, 0x0000000086d00000|  0%| F|  |TAMS 0x0000000086c00000, 0x0000000086c00000| Untracked 
|  79|0x0000000086d00000, 0x0000000086d00000, 0x0000000086e00000|  0%| F|  |TAMS 0x0000000086d00000, 0x0000000086d00000| Untracked 
|  80|0x0000000086e00000, 0x0000000086e00000, 0x0000000086f00000|  0%| F|  |TAMS 0x0000000086e00000, 0x0000000086e00000| Untracked 
|  81|0x0000000086f00000, 0x0000000086f00000, 0x0000000087000000|  0%| F|  |TAMS 0x0000000086f00000, 0x0000000086f00000| Untracked 
|  82|0x0000000087000000, 0x0000000087000000, 0x0000000087100000|  0%| F|  |TAMS 0x0000000087000000, 0x0000000087000000| Untracked 
|  83|0x0000000087100000, 0x0000000087100000, 0x0000000087200000|  0%| F|  |TAMS 0x0000000087100000, 0x0000000087100000| Untracked 
|  84|0x0000000087200000, 0x0000000087200000, 0x0000000087300000|  0%| F|  |TAMS 0x0000000087200000, 0x0000000087200000| Untracked 
|  85|0x0000000087300000, 0x0000000087300000, 0x0000000087400000|  0%| F|  |TAMS 0x0000000087300000, 0x0000000087300000| Untracked 
|  86|0x0000000087400000, 0x0000000087400000, 0x0000000087500000|  0%| F|  |TAMS 0x0000000087400000, 0x0000000087400000| Untracked 
|  87|0x0000000087500000, 0x0000000087500000, 0x0000000087600000|  0%| F|  |TAMS 0x0000000087500000, 0x0000000087500000| Untracked 
|  88|0x0000000087600000, 0x0000000087600000, 0x0000000087700000|  0%| F|  |TAMS 0x0000000087600000, 0x0000000087600000| Untracked 
|  89|0x0000000087700000, 0x0000000087700000, 0x0000000087800000|  0%| F|  |TAMS 0x0000000087700000, 0x0000000087700000| Untracked 
|  90|0x0000000087800000, 0x0000000087800000, 0x0000000087900000|  0%| F|  |TAMS 0x0000000087800000, 0x0000000087800000| Untracked 
|  91|0x0000000087900000, 0x0000000087900000, 0x0000000087a00000|  0%| F|  |TAMS 0x0000000087900000, 0x0000000087900000| Untracked 
|  92|0x0000000087a00000, 0x0000000087a00000, 0x0000000087b00000|  0%| F|  |TAMS 0x0000000087a00000, 0x0000000087a00000| Untracked 
|  93|0x0000000087b00000, 0x0000000087b00000, 0x0000000087c00000|  0%| F|  |TAMS 0x0000000087b00000, 0x0000000087b00000| Untracked 
|  94|0x0000000087c00000, 0x0000000087c00000, 0x0000000087d00000|  0%| F|  |TAMS 0x0000000087c00000, 0x0000000087c00000| Untracked 
|  95|0x0000000087d00000, 0x0000000087d00000, 0x0000000087e00000|  0%| F|  |TAMS 0x0000000087d00000, 0x0000000087d00000| Untracked 
|  96|0x0000000087e00000, 0x0000000087e00000, 0x0000000087f00000|  0%| F|  |TAMS 0x0000000087e00000, 0x0000000087e00000| Untracked 
|  97|0x0000000087f00000, 0x0000000087f00000, 0x0000000088000000|  0%| F|  |TAMS 0x0000000087f00000, 0x0000000087f00000| Untracked 
|  98|0x0000000088000000, 0x0000000088000000, 0x0000000088100000|  0%| F|  |TAMS 0x0000000088000000, 0x0000000088000000| Untracked 
|  99|0x0000000088100000, 0x0000000088100000, 0x0000000088200000|  0%| F|  |TAMS 0x0000000088100000, 0x0000000088100000| Untracked 
| 100|0x0000000088200000, 0x0000000088200000, 0x0000000088300000|  0%| F|  |TAMS 0x0000000088200000, 0x0000000088200000| Untracked 
| 101|0x0000000088300000, 0x0000000088300000, 0x0000000088400000|  0%| F|  |TAMS 0x0000000088300000, 0x0000000088300000| Untracked 
| 102|0x0000000088400000, 0x0000000088400000, 0x0000000088500000|  0%| F|  |TAMS 0x0000000088400000, 0x0000000088400000| Untracked 
| 103|0x0000000088500000, 0x0000000088500000, 0x0000000088600000|  0%| F|  |TAMS 0x0000000088500000, 0x0000000088500000| Untracked 
| 104|0x0000000088600000, 0x0000000088600000, 0x0000000088700000|  0%| F|  |TAMS 0x0000000088600000, 0x0000000088600000| Untracked 
| 105|0x0000000088700000, 0x0000000088700000, 0x0000000088800000|  0%| F|  |TAMS 0x0000000088700000, 0x0000000088700000| Untracked 
| 106|0x0000000088800000, 0x0000000088800000, 0x0000000088900000|  0%| F|  |TAMS 0x0000000088800000, 0x0000000088800000| Untracked 
| 107|0x0000000088900000, 0x0000000088900000, 0x0000000088a00000|  0%| F|  |TAMS 0x0000000088900000, 0x0000000088900000| Untracked 
| 108|0x0000000088a00000, 0x0000000088a00000, 0x0000000088b00000|  0%| F|  |TAMS 0x0000000088a00000, 0x0000000088a00000| Untracked 
| 109|0x0000000088b00000, 0x0000000088bdc960, 0x0000000088c00000| 86%| S|CS|TAMS 0x0000000088b00000, 0x0000000088b00000| Complete 
| 110|0x0000000088c00000, 0x0000000088d00000, 0x0000000088d00000|100%| S|CS|TAMS 0x0000000088c00000, 0x0000000088c00000| Complete 
| 111|0x0000000088d00000, 0x0000000088e00000, 0x0000000088e00000|100%| S|CS|TAMS 0x0000000088d00000, 0x0000000088d00000| Complete 
| 112|0x0000000088e00000, 0x0000000088f00000, 0x0000000088f00000|100%| S|CS|TAMS 0x0000000088e00000, 0x0000000088e00000| Complete 
| 113|0x0000000088f00000, 0x0000000088f00000, 0x0000000089000000|  0%| F|  |TAMS 0x0000000088f00000, 0x0000000088f00000| Untracked 
| 114|0x0000000089000000, 0x0000000089000000, 0x0000000089100000|  0%| F|  |TAMS 0x0000000089000000, 0x0000000089000000| Untracked 
| 115|0x0000000089100000, 0x0000000089100000, 0x0000000089200000|  0%| F|  |TAMS 0x0000000089100000, 0x0000000089100000| Untracked 
| 116|0x0000000089200000, 0x0000000089200000, 0x0000000089300000|  0%| F|  |TAMS 0x0000000089200000, 0x0000000089200000| Untracked 
| 117|0x0000000089300000, 0x0000000089300000, 0x0000000089400000|  0%| F|  |TAMS 0x0000000089300000, 0x0000000089300000| Untracked 
| 118|0x0000000089400000, 0x0000000089400000, 0x0000000089500000|  0%| F|  |TAMS 0x0000000089400000, 0x0000000089400000| Untracked 
| 119|0x0000000089500000, 0x0000000089500000, 0x0000000089600000|  0%| F|  |TAMS 0x0000000089500000, 0x0000000089500000| Untracked 
| 120|0x0000000089600000, 0x0000000089700000, 0x0000000089700000|100%| E|  |TAMS 0x0000000089600000, 0x0000000089600000| Complete 
| 121|0x0000000089700000, 0x0000000089800000, 0x0000000089800000|100%| E|CS|TAMS 0x0000000089700000, 0x0000000089700000| Complete 
| 122|0x0000000089800000, 0x0000000089900000, 0x0000000089900000|100%| E|CS|TAMS 0x0000000089800000, 0x0000000089800000| Complete 
| 123|0x0000000089900000, 0x0000000089a00000, 0x0000000089a00000|100%| E|CS|TAMS 0x0000000089900000, 0x0000000089900000| Complete 
| 124|0x0000000089a00000, 0x0000000089b00000, 0x0000000089b00000|100%| E|CS|TAMS 0x0000000089a00000, 0x0000000089a00000| Complete 
| 125|0x0000000089b00000, 0x0000000089c00000, 0x0000000089c00000|100%| E|CS|TAMS 0x0000000089b00000, 0x0000000089b00000| Complete 
| 126|0x0000000089c00000, 0x0000000089d00000, 0x0000000089d00000|100%| E|CS|TAMS 0x0000000089c00000, 0x0000000089c00000| Complete 
| 127|0x0000000089d00000, 0x0000000089e00000, 0x0000000089e00000|100%| E|CS|TAMS 0x0000000089d00000, 0x0000000089d00000| Complete 

Card table byte_map: [0x0000021f31b40000,0x0000021f31f40000] _byte_map_base: 0x0000021f31731000

Marking Bits (Prev, Next): (CMBitMap*) 0x0000021f1b096548, (CMBitMap*) 0x0000021f1b096580
 Prev Bits: [0x0000021f32340000, 0x0000021f342c8000)
 Next Bits: [0x0000021f342d0000, 0x0000021f36258000)

Polling page: 0x0000021f18fa0000

Metaspace:

Usage:
  Non-class:     32.36 MB capacity,    32.00 MB ( 99%) used,   294.70 KB ( <1%) free+waste,    70.00 KB ( <1%) overhead. 
      Class:      4.74 MB capacity,     4.54 MB ( 96%) used,   173.38 KB (  4%) free+waste,    32.56 KB ( <1%) overhead. 
       Both:     37.10 MB capacity,    36.54 MB ( 98%) used,   468.08 KB (  1%) free+waste,   102.56 KB ( <1%) overhead. 

Virtual space:
  Non-class space:       34.00 MB reserved,      32.50 MB ( 96%) committed 
      Class space:        1.00 GB reserved,       4.75 MB ( <1%) committed 
             Both:        1.03 GB reserved,      37.25 MB (  4%) committed 

Chunk freelists:
   Non-Class:  2.38 KB
       Class:  0 bytes
        Both:  2.38 KB

CodeHeap 'non-profiled nmethods': size=120064Kb used=892Kb max_used=892Kb free=119171Kb
 bounds [0x0000021f2a200000, 0x0000021f2a470000, 0x0000021f31740000]
CodeHeap 'profiled nmethods': size=120000Kb used=4222Kb max_used=4222Kb free=115778Kb
 bounds [0x0000021f22cd0000, 0x0000021f230f0000, 0x0000021f2a200000]
CodeHeap 'non-nmethods': size=5696Kb used=1203Kb max_used=1237Kb free=4492Kb
 bounds [0x0000021f22740000, 0x0000021f229b0000, 0x0000021f22cd0000]
 total_blobs=2792 nmethods=2227 adapters=476
 compilation: enabled
              stopped_count=0, restarted_count=0
 full_count=0

Compilation events (10 events):
Event: 8.484 Thread 0x0000021f38ff3800 2227       3       java.lang.String::codePointAt (50 bytes)
Event: 8.484 Thread 0x0000021f38ff3800 nmethod 2227 0x0000021f230ede90 code [0x0000021f230ee060, 0x0000021f230ee3e8]
Event: 8.485 Thread 0x0000021f38ff3800 2228       3       java.util.regex.ASCII::isAscii (13 bytes)
Event: 8.485 Thread 0x0000021f38ff3800 nmethod 2228 0x0000021f230ee590 code [0x0000021f230ee720, 0x0000021f230ee858]
Event: 8.485 Thread 0x0000021f38ff3800 2229       3       java.util.regex.Pattern::next (33 bytes)
Event: 8.485 Thread 0x0000021f38ff3800 nmethod 2229 0x0000021f230ee910 code [0x0000021f230eeac0, 0x0000021f230eed28]
Event: 8.486 Thread 0x0000021f38ff3800 2230       3       java.util.regex.Pattern$Node::<init> (12 bytes)
Event: 8.486 Thread 0x0000021f38ff3800 nmethod 2230 0x0000021f230eee90 code [0x0000021f230ef040, 0x0000021f230ef1f8]
Event: 8.486 Thread 0x0000021f38ff3800 2231       3       java.util.regex.Pattern::read (33 bytes)
Event: 8.486 Thread 0x0000021f38ff3800 nmethod 2231 0x0000021f230ef290 code [0x0000021f230ef440, 0x0000021f230ef6a8]

GC Heap History (10 events):
Event: 1.536 GC heap before
{Heap before GC invocations=0 (full 0):
 garbage-first heap   total 131072K, used 15360K [0x0000000081e00000, 0x0000000100000000)
  region size 1024K, 14 young (14336K), 0 survivors (0K)
 Metaspace       used 11911K, capacity 12162K, committed 12288K, reserved 1060864K
  class space    used 1164K, capacity 1245K, committed 1280K, reserved 1048576K
}
Event: 1.544 GC heap after
{Heap after GC invocations=1 (full 0):
 garbage-first heap   total 131072K, used 4296K [0x0000000081e00000, 0x0000000100000000)
  region size 1024K, 2 young (2048K), 2 survivors (2048K)
 Metaspace       used 11911K, capacity 12162K, committed 12288K, reserved 1060864K
  class space    used 1164K, capacity 1245K, committed 1280K, reserved 1048576K
}
Event: 2.230 GC heap before
{Heap before GC invocations=1 (full 0):
 garbage-first heap   total 131072K, used 16584K [0x0000000081e00000, 0x0000000100000000)
  region size 1024K, 14 young (14336K), 2 survivors (2048K)
 Metaspace       used 15629K, capacity 15907K, committed 16128K, reserved 1062912K
  class space    used 1671K, capacity 1769K, committed 1792K, reserved 1048576K
}
Event: 2.236 GC heap after
{Heap after GC invocations=2 (full 0):
 garbage-first heap   total 131072K, used 5239K [0x0000000081e00000, 0x0000000100000000)
  region size 1024K, 1 young (1024K), 1 survivors (1024K)
 Metaspace       used 15629K, capacity 15907K, committed 16128K, reserved 1062912K
  class space    used 1671K, capacity 1769K, committed 1792K, reserved 1048576K
}
Event: 3.345 GC heap before
{Heap before GC invocations=2 (full 0):
 garbage-first heap   total 131072K, used 15479K [0x0000000081e00000, 0x0000000100000000)
  region size 1024K, 12 young (12288K), 1 survivors (1024K)
 Metaspace       used 20812K, capacity 21164K, committed 21248K, reserved 1069056K
  class space    used 2398K, capacity 2522K, committed 2560K, reserved 1048576K
}
Event: 3.349 GC heap after
{Heap after GC invocations=3 (full 0):
 garbage-first heap   total 131072K, used 6191K [0x0000000081e00000, 0x0000000100000000)
  region size 1024K, 2 young (2048K), 2 survivors (2048K)
 Metaspace       used 20812K, capacity 21164K, committed 21248K, reserved 1069056K
  class space    used 2398K, capacity 2522K, committed 2560K, reserved 1048576K
}
Event: 6.690 GC heap before
{Heap before GC invocations=4 (full 0):
 garbage-first heap   total 131072K, used 41007K [0x0000000081e00000, 0x0000000100000000)
  region size 1024K, 36 young (36864K), 2 survivors (2048K)
 Metaspace       used 31583K, capacity 32040K, committed 32256K, reserved 1077248K
  class space    used 3874K, capacity 4062K, committed 4096K, reserved 1048576K
}
Event: 6.700 GC heap after
{Heap after GC invocations=5 (full 0):
 garbage-first heap   total 131072K, used 8392K [0x0000000081e00000, 0x0000000100000000)
  region size 1024K, 4 young (4096K), 4 survivors (4096K)
 Metaspace       used 31583K, capacity 32040K, committed 32256K, reserved 1077248K
  class space    used 3874K, capacity 4062K, committed 4096K, reserved 1048576K
}
Event: 8.113 GC heap before
{Heap before GC invocations=5 (full 0):
 garbage-first heap   total 131072K, used 22728K [0x0000000081e00000, 0x0000000100000000)
  region size 1024K, 19 young (19456K), 4 survivors (4096K)
 Metaspace       used 35335K, capacity 35780K, committed 35840K, reserved 1081344K
  class space    used 4387K, capacity 4580K, committed 4608K, reserved 1048576K
}
Event: 8.123 GC heap after
{Heap after GC invocations=6 (full 0):
 garbage-first heap   total 131072K, used 9093K [0x0000000081e00000, 0x0000000100000000)
  region size 1024K, 4 young (4096K), 4 survivors (4096K)
 Metaspace       used 35335K, capacity 35780K, committed 35840K, reserved 1081344K
  class space    used 4387K, capacity 4580K, committed 4608K, reserved 1048576K
}

Deoptimization events (10 events):
Event: 4.483 Thread 0x0000021f1b056800 Uncommon trap: reason=bimorphic_or_optimized_type_check action=maybe_recompile pc=0x0000021f2a26b434 method=java.util.HashMap.putVal(ILjava/lang/Object;Ljava/lang/Object;ZZ)Ljava/lang/Object; @ 203 c2
Event: 4.484 Thread 0x0000021f1b056800 Uncommon trap: reason=bimorphic_or_optimized_type_check action=maybe_recompile pc=0x0000021f2a26b434 method=java.util.HashMap.putVal(ILjava/lang/Object;Ljava/lang/Object;ZZ)Ljava/lang/Object; @ 203 c2
Event: 4.485 Thread 0x0000021f1b056800 Uncommon trap: reason=bimorphic_or_optimized_type_check action=maybe_recompile pc=0x0000021f2a26b434 method=java.util.HashMap.putVal(ILjava/lang/Object;Ljava/lang/Object;ZZ)Ljava/lang/Object; @ 203 c2
Event: 4.489 Thread 0x0000021f1b056800 Uncommon trap: reason=bimorphic_or_optimized_type_check action=maybe_recompile pc=0x0000021f2a26b434 method=java.util.HashMap.putVal(ILjava/lang/Object;Ljava/lang/Object;ZZ)Ljava/lang/Object; @ 203 c2
Event: 4.523 Thread 0x0000021f1b056800 Uncommon trap: reason=unstable_if action=reinterpret pc=0x0000021f2a26fa08 method=java.lang.StringLatin1.regionMatchesCI([BI[BII)Z @ 66 c2
Event: 4.718 Thread 0x0000021f1b056800 Uncommon trap: reason=unstable_if action=reinterpret pc=0x0000021f2a28c99c method=java.lang.Integer.parseInt(Ljava/lang/String;I)I @ 119 c2
Event: 4.734 Thread 0x0000021f1b056800 Uncommon trap: reason=unstable_if action=reinterpret pc=0x0000021f2a288e60 method=java.lang.CharacterDataLatin1.digit(II)I @ 7 c2
Event: 5.758 Thread 0x0000021f1b056800 Uncommon trap: reason=class_check action=maybe_recompile pc=0x0000021f2a290b10 method=java.security.MessageDigest$Delegate.engineUpdate([BII)V @ 7 c2
Event: 5.758 Thread 0x0000021f1b056800 Uncommon trap: reason=bimorphic_or_optimized_type_check action=maybe_recompile pc=0x0000021f2a28f924 method=sun.security.provider.DigestBase.engineUpdate([BII)V @ 128 c2
Event: 8.483 Thread 0x0000021f1b056800 Uncommon trap: reason=unstable_if action=reinterpret pc=0x0000021f2a275d44 method=java.lang.String.indexOf(Ljava/lang/String;)I @ 8 c2

Classes redefined (0 events):
No events

Internal exceptions (10 events):
Event: 4.838 Thread 0x0000021f1b056800 Exception <a 'java/lang/NoSuchMethodError'{0x00000000894c8848}: java.lang.invoke.DirectMethodHandle$Holder.invokeVirtual(Ljava/lang/Object;Ljava/lang/Object;)V> (0x00000000894c8848) thrown at [./open/src/hotspot/share/interpreter/linkResolver.cpp, line 77
Event: 5.893 Thread 0x0000021f1b056800 Exception <a 'java/lang/NoSuchMethodError'{0x0000000088689a00}: java.lang.invoke.DirectMethodHandle$Holder.newInvokeSpecial(Ljava/lang/Object;Ljava/lang/Object;ILjava/lang/Object;Ljava/lang/Object;)Ljava/lang/Object;> (0x0000000088689a00) thrown at [./ope
Event: 6.127 Thread 0x0000021f1b056800 Exception <a 'java/lang/NoSuchMethodError'{0x00000000882aef00}: java.lang.invoke.DirectMethodHandle$Holder.invokeSpecial(Ljava/lang/Object;Ljava/lang/Object;Ljava/lang/Object;Ljava/lang/Object;)V> (0x00000000882aef00) thrown at [./open/src/hotspot/share/i
Event: 7.456 Thread 0x0000021f1b056800 Exception <a 'java/lang/NoSuchMethodError'{0x00000000899d7830}: java.lang.invoke.DirectMethodHandle$Holder.invokeInterface(Ljava/lang/Object;Ljava/lang/Object;)V> (0x00000000899d7830) thrown at [./open/src/hotspot/share/interpreter/linkResolver.cpp, line 
Event: 7.496 Thread 0x0000021f1b056800 Exception <a 'java/lang/NoSuchMethodError'{0x00000000898783f0}: java.lang.invoke.DirectMethodHandle$Holder.invokeStaticInit(Ljava/lang/Object;Ljava/lang/Object;Ljava/lang/Object;Ljava/lang/Object;II)Ljava/lang/Object;> (0x00000000898783f0) thrown at [./op
Event: 8.048 Thread 0x0000021f1b056800 Exception <a 'java/lang/NoSuchMethodError'{0x00000000891f9ef0}: java.lang.invoke.DirectMethodHandle$Holder.invokeInterface(Ljava/lang/Object;Ljava/lang/Object;Ljava/lang/Object;)Ljava/lang/Object;> (0x00000000891f9ef0) thrown at [./open/src/hotspot/share/
Event: 8.378 Thread 0x0000021f1b056800 Exception <a 'java/lang/NoSuchMethodError'{0x000000008983b808}: java.lang.invoke.DirectMethodHandle$Holder.invokeStaticInit(Ljava/lang/Object;Ljava/lang/Object;Ljava/lang/Object;Ljava/lang/Object;Ljava/lang/Object;Ljava/lang/Object;)Ljava/lang/Object;> (0
Event: 8.416 Thread 0x0000021f1b056800 Exception <a 'java/lang/NoSuchMethodError'{0x00000000897387d8}: java.lang.invoke.DirectMethodHandle$Holder.invokeSpecial(Ljava/lang/Object;Ljava/lang/Object;IIILjava/lang/Object;Ljava/lang/Object;Ljava/lang/Object;Ljava/lang/Object;)Ljava/lang/Object;> (0
Event: 8.416 Thread 0x0000021f1b056800 Exception <a 'java/lang/NoSuchMethodError'{0x000000008973bf88}: java.lang.invoke.DelegatingMethodHandle$Holder.reinvoke_L(Ljava/lang/Object;IIILjava/lang/Object;Ljava/lang/Object;Ljava/lang/Object;Ljava/lang/Object;)Ljava/lang/Object;> (0x000000008973bf88
Event: 8.429 Thread 0x0000021f1b056800 Exception <a 'java/lang/NoSuchMethodError'{0x00000000897c3b98}: java.lang.invoke.DelegatingMethodHandle$Holder.reinvoke_L(Ljava/lang/Object;ILjava/lang/Object;Ljava/lang/Object;Ljava/lang/Object;Ljava/lang/Object;)Ljava/lang/Object;> (0x00000000897c3b98) 

Events (10 events):
Event: 8.480 loading class java/util/IdentityHashMap$ValueIterator done
Event: 8.480 loading class java/util/Scanner
Event: 8.481 loading class java/util/Scanner done
Event: 8.483 loading class java/util/Scanner$PatternLRUCache
Event: 8.483 loading class java/util/Scanner$PatternLRUCache done
Event: 8.483 Thread 0x0000021f1b056800 Uncommon trap: trap_request=0xffffff4d fr.pc=0x0000021f2a275d44 relative=0x00000000000001c4
Event: 8.483 Thread 0x0000021f1b056800 DEOPT PACKING pc=0x0000021f2a275d44 sp=0x00000063ebbff350
Event: 8.483 Thread 0x0000021f1b056800 DEOPT UNPACKING pc=0x0000021f227665af sp=0x00000063ebbff2f8 mode 2
Event: 8.485 loading class java/util/regex/Pattern$GroupCurly
Event: 8.485 loading class java/util/regex/Pattern$GroupCurly done


Dynamic libraries:
0x00007ff6c75b0000 - 0x00007ff6c75c0000 	E:\JAVA\bin\java.exe
0x00007ff88cef0000 - 0x00007ff88d0e8000 	C:\Windows\SYSTEM32\ntdll.dll
0x00007ff88b680000 - 0x00007ff88b73d000 	C:\Windows\System32\KERNEL32.DLL
0x00007ff88a740000 - 0x00007ff88aa36000 	C:\Windows\System32\KERNELBASE.dll
0x00007ff88aa40000 - 0x00007ff88ab40000 	C:\Windows\System32\ucrtbase.dll
0x00007ff8838b0000 - 0x00007ff8838c9000 	E:\JAVA\bin\jli.dll
0x00007ff880100000 - 0x00007ff88011b000 	E:\JAVA\bin\VCRUNTIME140.dll
0x00007ff88b160000 - 0x00007ff88b213000 	C:\Windows\System32\ADVAPI32.dll
0x00007ff88b420000 - 0x00007ff88b4be000 	C:\Windows\System32\msvcrt.dll
0x00007ff88b0c0000 - 0x00007ff88b15f000 	C:\Windows\System32\sechost.dll
0x00007ff88b4c0000 - 0x00007ff88b5e6000 	C:\Windows\System32\RPCRT4.dll
0x00007ff88a5c0000 - 0x00007ff88a5e7000 	C:\Windows\System32\bcrypt.dll
0x00007ff88bd90000 - 0x00007ff88bf2e000 	C:\Windows\System32\USER32.dll
0x00007ff88af10000 - 0x00007ff88af32000 	C:\Windows\System32\win32u.dll
0x00007ff88bac0000 - 0x00007ff88baec000 	C:\Windows\System32\GDI32.dll
0x00007ff88adf0000 - 0x00007ff88af0a000 	C:\Windows\System32\gdi32full.dll
0x00007ff88a5f0000 - 0x00007ff88a68d000 	C:\Windows\System32\msvcp_win.dll
0x00007ff87e850000 - 0x00007ff87e85a000 	C:\Windows\SYSTEM32\VERSION.dll
0x00007ff8761a0000 - 0x00007ff87643a000 	C:\Windows\WinSxS\amd64_microsoft.windows.common-controls_6595b64144ccf1df_6.0.19041.3636_none_60b6a03d71f818d5\COMCTL32.dll
0x00007ff88bb50000 - 0x00007ff88bb80000 	C:\Windows\System32\IMM32.DLL
0x00007ff8838a0000 - 0x00007ff8838ac000 	E:\JAVA\bin\vcruntime140_1.dll
0x00007ff858800000 - 0x00007ff85888e000 	E:\JAVA\bin\msvcp140.dll
0x00007ff80d590000 - 0x00007ff80e0fd000 	E:\JAVA\bin\server\jvm.dll
0x00007ff88b740000 - 0x00007ff88b748000 	C:\Windows\System32\PSAPI.DLL
0x00007ff85adb0000 - 0x00007ff85adb9000 	C:\Windows\SYSTEM32\WSOCK32.dll
0x00007ff88b340000 - 0x00007ff88b3ab000 	C:\Windows\System32\WS2_32.dll
0x00007ff876440000 - 0x00007ff876467000 	C:\Windows\SYSTEM32\WINMM.dll
0x00007ff888e50000 - 0x00007ff888e62000 	C:\Windows\SYSTEM32\kernel.appcore.dll
0x00007ff880310000 - 0x00007ff880320000 	E:\JAVA\bin\verify.dll
0x00007ff885320000 - 0x00007ff885504000 	C:\Windows\SYSTEM32\DBGHELP.DLL
0x00007ff874890000 - 0x00007ff8748c4000 	C:\Windows\SYSTEM32\dbgcore.DLL
0x00007ff88ab40000 - 0x00007ff88abc2000 	C:\Windows\System32\bcryptPrimitives.dll
0x00007ff877340000 - 0x00007ff877368000 	E:\JAVA\bin\java.dll
0x00007ff877440000 - 0x00007ff87744a000 	E:\JAVA\bin\jimage.dll
0x00007ff881c00000 - 0x00007ff881c0e000 	E:\JAVA\bin\instrument.dll
0x00007ff8773f0000 - 0x00007ff877407000 	E:\JAVA\bin\zip.dll
0x00007ff88c220000 - 0x00007ff88c965000 	C:\Windows\System32\SHELL32.dll
0x00007ff885510000 - 0x00007ff885cab000 	C:\Windows\SYSTEM32\windows.storage.dll
0x00007ff88b750000 - 0x00007ff88baa4000 	C:\Windows\System32\combase.dll
0x00007ff889ff0000 - 0x00007ff88a01d000 	C:\Windows\SYSTEM32\Wldp.dll
0x00007ff88af40000 - 0x00007ff88afed000 	C:\Windows\System32\SHCORE.dll
0x00007ff88baf0000 - 0x00007ff88bb45000 	C:\Windows\System32\shlwapi.dll
0x00007ff88a4f0000 - 0x00007ff88a515000 	C:\Windows\SYSTEM32\profapi.dll
0x00007ff869740000 - 0x00007ff869759000 	E:\JAVA\bin\net.dll
0x00007ff877520000 - 0x00007ff87762a000 	C:\Windows\SYSTEM32\WINHTTP.dll
0x00007ff889d50000 - 0x00007ff889dba000 	C:\Windows\system32\mswsock.dll
0x00007ff869720000 - 0x00007ff869732000 	E:\JAVA\bin\nio.dll
0x00007ff881be0000 - 0x00007ff881bfa000 	D:\intelliJ\IntelliJ IDEA Community Edition 2023.3.3\bin\breakgen64.dll
0x00007ff889f40000 - 0x00007ff889f58000 	C:\Windows\SYSTEM32\CRYPTSP.dll
0x00007ff889610000 - 0x00007ff889644000 	C:\Windows\system32\rsaenh.dll
0x00007ff88a4b0000 - 0x00007ff88a4de000 	C:\Windows\SYSTEM32\USERENV.dll
0x00007ff889f60000 - 0x00007ff889f6c000 	C:\Windows\SYSTEM32\CRYPTBASE.dll
0x00007ff8899f0000 - 0x00007ff889a2b000 	C:\Windows\SYSTEM32\IPHLPAPI.DLL
0x00007ff88b3b0000 - 0x00007ff88b3b8000 	C:\Windows\System32\NSI.dll
0x00007ff877980000 - 0x00007ff877997000 	C:\Windows\SYSTEM32\dhcpcsvc6.DLL
0x00007ff87d930000 - 0x00007ff87d94d000 	C:\Windows\SYSTEM32\dhcpcsvc.DLL
0x00007ff889a30000 - 0x00007ff889afa000 	C:\Windows\SYSTEM32\DNSAPI.dll
0x00007ff87e940000 - 0x00007ff87e94a000 	C:\Windows\System32\rasadhlp.dll
0x00007ff875b70000 - 0x00007ff875bf0000 	C:\Windows\System32\fwpuclnt.dll
0x00007ff881b40000 - 0x00007ff881b49000 	E:\JAVA\bin\management.dll
0x00007ff881b30000 - 0x00007ff881b3b000 	E:\JAVA\bin\management_ext.dll
0x00007ff881b00000 - 0x00007ff881b27000 	E:\JAVA\bin\sunec.dll

dbghelp: loaded successfully - version: 4.0.5 - missing functions: none
symbol engine: initialized successfully - sym options: 0x614 - pdb path: .;E:\JAVA\bin;C:\Windows\SYSTEM32;C:\Windows\WinSxS\amd64_microsoft.windows.common-controls_6595b64144ccf1df_6.0.19041.3636_none_60b6a03d71f818d5;E:\JAVA\bin\server;D:\intelliJ\IntelliJ IDEA Community Edition 2023.3.3\bin

VM Arguments:
jvm_args: -javaagent:D:\intelliJ\IntelliJ IDEA Community Edition 2023.3.3\lib\idea_rt.jar=50460:D:\intelliJ\IntelliJ IDEA Community Edition 2023.3.3\bin -Dfile.encoding=UTF-8 
java_command: org.example.Main
java_class_path (initial): E:\STEP\JAVA\hibenate\hibernator\target\classes;C:\Users\krave\.m2\repository\org\postgresql\postgresql\42.7.1\postgresql-42.7.1.jar;C:\Users\krave\.m2\repository\org\checkerframework\checker-qual\3.41.0\checker-qual-3.41.0.jar;C:\Users\krave\.m2\repository\org\hibernate\hibernate-core\5.6.15.Final\hibernate-core-5.6.15.Final.jar;C:\Users\krave\.m2\repository\org\jboss\logging\jboss-logging\3.4.3.Final\jboss-logging-3.4.3.Final.jar;C:\Users\krave\.m2\repository\javax\persistence\javax.persistence-api\2.2\javax.persistence-api-2.2.jar;C:\Users\krave\.m2\repository\net\bytebuddy\byte-buddy\1.12.18\byte-buddy-1.12.18.jar;C:\Users\krave\.m2\repository\antlr\antlr\2.7.7\antlr-2.7.7.jar;C:\Users\krave\.m2\repository\org\jboss\spec\javax\transaction\jboss-transaction-api_1.2_spec\1.1.1.Final\jboss-transaction-api_1.2_spec-1.1.1.Final.jar;C:\Users\krave\.m2\repository\org\jboss\jandex\2.4.2.Final\jandex-2.4.2.Final.jar;C:\Users\krave\.m2\repository\com\fasterxml\classmate\1.5.1\classmate-1.5.1.jar;C:\Users\krave\.m2\repository\javax\activation\javax.activation-api\1.2.0\javax.activation-api-1.2.0.jar;C:\Users\krave\.m2\repository\org\hibernate\common\hibernate-commons-annotations\5.1.2.Final\hibernate-commons-annotations-5.1.2.Final.jar;C:\Users\krave\.m2\repository\javax\xml\bind\jaxb-api\2.3.1\jaxb-api-2.3.1.jar;C:\Users\krave\.m2\repository\org\glassfish\jaxb\jaxb-runtime\2.3.1\jaxb-runtime-2.3.1.jar;C:\Users\krave\.m2\repository\org\glassfish\jaxb\txw2\2.3.1\txw2-2.3.1.jar;C:\Users\krave\.m2\repository\com\sun\istack\istack-commons-runtime\3.0.7\istack-commons-runtime-3.0.7.jar;C:\Users\krave\.m2\repository\org\jvnet\staxex\stax-ex\1.8\stax-ex-1.8.jar;C:\Users\krave\.m2\repository\com\sun\xml\fastinfoset\FastInfoset\1.2.15\FastInfoset-1.2.15.jar
Launcher Type: SUN_STANDARD

[Global flags]
     intx CICompilerCount                          = 3                                         {product} {ergonomic}
     uint ConcGCThreads                            = 1                                         {product} {ergonomic}
     uint G1ConcRefinementThreads                  = 4                                         {product} {ergonomic}
   size_t G1HeapRegionSize                         = 1048576                                   {product} {ergonomic}
    uintx GCDrainStackTargetSize                   = 64                                        {product} {ergonomic}
   size_t InitialHeapSize                          = 134217728                                 {product} {ergonomic}
   size_t MarkStackSize                            = 4194304                                   {product} {ergonomic}
   size_t MaxHeapSize                              = 2116026368                                {product} {ergonomic}
   size_t MaxNewSize                               = 1268776960                                {product} {ergonomic}
   size_t MinHeapDeltaBytes                        = 1048576                                   {product} {ergonomic}
    uintx NonNMethodCodeHeapSize                   = 5830732                                {pd product} {ergonomic}
    uintx NonProfiledCodeHeapSize                  = 122913754                              {pd product} {ergonomic}
    uintx ProfiledCodeHeapSize                     = 122913754                              {pd product} {ergonomic}
    uintx ReservedCodeCacheSize                    = 251658240                              {pd product} {ergonomic}
     bool SegmentedCodeCache                       = true                                      {product} {ergonomic}
     bool UseCompressedClassPointers               = true                                 {lp64_product} {ergonomic}
     bool UseCompressedOops                        = true                                 {lp64_product} {ergonomic}
     bool UseG1GC                                  = true                                      {product} {ergonomic}
     bool UseLargePagesIndividualAllocation        = false                                  {pd product} {ergonomic}

Logging:
Log output configuration:
 #0: stdout all=warning uptime,level,tags
 #1: stderr all=off uptime,level,tags

Environment Variables:
PATH=C:\Program Files\Common Files\Oracle\Java\javapath;C:\Program Files\Python38\Scripts\;C:\Program Files\Python38\;C:\Windows\system32;C:\Windows;C:\Windows\System32\Wbem;C:\Windows\System32\WindowsPowerShell\v1.0\;C:\Windows\System32\OpenSSH\;C:\Program Files\dotnet\;C:\Program Files (x86)\Microsoft SQL Server\160\Tools\Binn\;C:\Program Files\Microsoft SQL Server\160\Tools\Binn\;C:\Program Files\Microsoft SQL Server\Client SDK\ODBC\170\Tools\Binn\;C:\Program Files\Microsoft SQL Server\160\DTS\Binn\;C:\Program Files\Azure Data Studio\bin;C:\Program Files (x86)\Microsoft SQL Server\160\DTS\Binn\;C:\Program Files\Microsoft SQL Server\150\Tools\Binn\;C:\Program Files\Git\cmd;D:\Node js\;C:\Users\krave\AppData\Local\Microsoft\WindowsApps;C:\Users\krave\.dotnet\tools;C:\Program Files\Azure Data Studio\bin;D:\VS code\Microsoft VS Code\bin;C:\Users\krave\AppData\Local\GitHubDesktop\bin;C:\Users\krave\AppData\Roaming\npm;D:\PhpStorm\PhpStorm 2023.3.2\bin;;D:\intelliJ\IntelliJ IDEA Community Edition 2023.3.3\bin;
USERNAME=krave
OS=Windows_NT
PROCESSOR_IDENTIFIER=Intel64 Family 6 Model 142 Stepping 9, GenuineIntel



---------------  S Y S T E M  ---------------

OS: Windows 10 , 64 bit Build 19041 (10.0.19041.3636)

CPU:total 4 (initial active 4) (2 cores per cpu, 2 threads per core) family 6 model 142 stepping 9 microcode 0xf4, cmov, cx8, fxsr, mmx, sse, sse2, sse3, ssse3, sse4.1, sse4.2, popcnt, avx, avx2, aes, clmul, erms, 3dnowpref, lzcnt, ht, tsc, tscinvbit, bmi1, bmi2, adx, fma

Memory: 4k page, system-wide physical 8067M (345M free)
TotalPageFile size 16079M (AvailPageFile size 1M)
current process WorkingSet (physical memory assigned to process): 162M, peak: 162M
current process commit charge ("private bytes"): 276M, peak: 279M

vm_info: Java HotSpot(TM) 64-Bit Server VM (11.0.21+9-LTS-193) for windows-amd64 JRE (11.0.21+9-LTS-193), built on Sep 13 2023 11:04:38 by "mach5one" with MS VC++ 17.1 (VS2022)

END.
